<?xml version="1.0" encoding="UTF-8"?>
<!-- Generated by org.testng.reporters.JUnitReportReporter -->
<testsuite hostname="sukmajhi" name="testcases.OrderConfirmation_BANK_WIRE_PAYMENT" tests="1" failures="0" timestamp="4 Apr 2018 04:02:46 GMT" time="18.879" errors="0">
  <testcase name="OrderConfirmation_BankWirePayment" time="18.879" classname="testcases.OrderConfirmation_BANK_WIRE_PAYMENT"/>
</testsuite> <!-- testcases.OrderConfirmation_BANK_WIRE_PAYMENT -->
