<?xml version="1.0" encoding="UTF-8"?>
<!-- Generated by org.testng.reporters.JUnitReportReporter -->
<testsuite hostname="sukmajhi" name="testcases.OrderConfirmation_CHECK_PAYMENT" tests="1" failures="0" timestamp="3 Apr 2018 03:59:48 GMT" time="35.037" errors="0">
  <testcase name="OrderConfirmation_CheckPayment" time="35.037" classname="testcases.OrderConfirmation_CHECK_PAYMENT"/>
</testsuite> <!-- testcases.OrderConfirmation_CHECK_PAYMENT -->
