<?xml version="1.0" encoding="UTF-8"?>
<!-- Generated by org.testng.reporters.JUnitReportReporter -->
<testsuite hostname="sukmajhi" name="testcases.OrderConfirmation_BANK_WIRE_PAYMENT" tests="1" failures="0" timestamp="3 Apr 2018 12:01:49 GMT" time="55.306" errors="0">
  <testcase name="OrderConfirmation_BankWirePayment" time="55.306" classname="testcases.OrderConfirmation_BANK_WIRE_PAYMENT"/>
</testsuite> <!-- testcases.OrderConfirmation_BANK_WIRE_PAYMENT -->
